<?xml version="1.0" encoding="UTF-8"?>
<testng-results ignored="0" total="1" passed="1" failed="0" skipped="0">
  <reporter-output>
  </reporter-output>
  <suite started-at="2023-07-17T12:35:38 IST" name="Default suite" finished-at="2023-07-17T12:36:06 IST" duration-ms="28213">
    <groups>
    </groups>
    <test started-at="2023-07-17T12:35:38 IST" name="Default test" finished-at="2023-07-17T12:36:06 IST" duration-ms="28213">
      <class name="ApplyQA">
        <test-method signature="TestApply()[pri:0, instance:ApplyQA@28eaa59a]" started-at="2023-07-17T12:35:38 IST" name="TestApply" finished-at="2023-07-17T12:36:06 IST" duration-ms="28138" status="PASS">
          <reporter-output>
          </reporter-output>
        </test-method> <!-- TestApply -->
      </class> <!-- ApplyQA -->
    </test> <!-- Default test -->
  </suite> <!-- Default suite -->
</testng-results>
